<?xml version="1.0" encoding="UTF-8"?>
<!-- Generated by org.testng.reporters.JUnitReportReporter -->
<testsuite hostname="DESKTOP-3KKJS15" failures="0" tests="1" name="TEST.CreateProductAndDelete" time="32.933" errors="0" timestamp="2023-08-14T09:07:08 IST" skipped="0">
  <testcase classname="TEST.CreateProductAndDelete" name="CreateProductAnddelete" time="32.933"/>
</testsuite> <!-- TEST.CreateProductAndDelete -->
