<?xml version="1.0" encoding="UTF-8"?>
<!-- Generated by org.testng.reporters.JUnitReportReporter -->
<testsuite hostname="DESKTOP-3KKJS15" failures="0" tests="2" name="testNG.Progarm2" time="0.033" errors="0" timestamp="2023-08-10T07:34:56 IST" skipped="0">
  <testcase classname="testNG.Progarm2" name="m1" time="0.022"/>
  <testcase classname="testNG.Progarm2" name="m2" time="0.011"/>
</testsuite> <!-- testNG.Progarm2 -->
