<?xml version="1.0" encoding="UTF-8"?>
<!-- Generated by org.testng.reporters.JUnitReportReporter -->
<testsuite hostname="DESKTOP-3KKJS15" failures="0" tests="1" name="practice.TestNG" time="0.028" errors="0" timestamp="2023-08-10T07:30:18 IST" skipped="0">
  <testcase classname="practice.TestNG" name="m1" time="0.028"/>
</testsuite> <!-- practice.TestNG -->
