<?xml version="1.0" encoding="UTF-8"?>
<!-- Generated by org.testng.reporters.JUnitReportReporter -->
<testsuite hostname="DESKTOP-3KKJS15" failures="0" tests="2" name="testNG.Program3" time="0.041" errors="0" timestamp="2023-08-10T07:35:58 IST" skipped="0">
  <testcase classname="testNG.Program3" name="m1" time="0.028"/>
  <testcase classname="testNG.Program3" name="m2" time="0.013"/>
</testsuite> <!-- testNG.Program3 -->
