<?xml version="1.0" encoding="UTF-8"?>
<!-- Generated by org.testng.reporters.JUnitReportReporter -->
<testsuite hostname="DESKTOP-3KKJS15" failures="0" tests="1" name="withPOMandGeneric.CreateProduct" time="41.291" errors="0" timestamp="2023-08-10T08:25:25 IST" skipped="0">
  <testcase classname="withPOMandGeneric.CreateProduct" name="CreateProduct" time="41.291"/>
</testsuite> <!-- withPOMandGeneric.CreateProduct -->
