<?xml version="1.0" encoding="UTF-8"?>
<!-- Generated by org.testng.reporters.JUnitReportReporter -->
<testsuite hostname="DESKTOP-3KKJS15" failures="0" tests="3" name="dataProvider.Ex1" time="0.032" errors="0" timestamp="2023-08-15T07:47:36 IST" skipped="0">
  <testcase classname="dataProvider.Ex1" name="bookTickets" time="0.008"/>
  <testcase classname="dataProvider.Ex1" name="bookTickets" time="0.020"/>
  <testcase classname="dataProvider.Ex1" name="bookTickets" time="0.004"/>
</testsuite> <!-- dataProvider.Ex1 -->
