<?xml version="1.0" encoding="UTF-8"?>
<!-- Generated by org.testng.reporters.JUnitReportReporter -->
<testsuite hostname="DESKTOP-3KKJS15" failures="0" tests="5" name="testNG.Product4" time="0.098" errors="0" timestamp="2023-08-10T07:52:48 IST" skipped="0">
  <testcase classname="testNG.Product4" name="deleteproduct" time="0.018"/>
  <testcase classname="testNG.Product4" name="modifyproduct" time="0.023"/>
  <testcase classname="testNG.Product4" name="createproduct" time="0.030"/>
  <testcase classname="testNG.Product4" name="createproduct" time="0.013"/>
  <testcase classname="testNG.Product4" name="createproduct" time="0.014"/>
</testsuite> <!-- testNG.Product4 -->
