<?xml version="1.0" encoding="UTF-8"?>
<!-- Generated by org.testng.reporters.JUnitReportReporter -->
<testsuite hostname="DESKTOP-3KKJS15" failures="0" tests="3" name="testNG.Product1" time="0.029" errors="0" timestamp="2023-08-13T18:50:05 IST" skipped="0">
  <testcase classname="testNG.Product1" name="modifyproduct" time="0.004"/>
  <testcase classname="testNG.Product1" name="createproduct" time="0.021"/>
  <testcase classname="testNG.Product1" name="deleteproduct" time="0.004"/>
</testsuite> <!-- testNG.Product1 -->
