<?xml version="1.0" encoding="UTF-8"?>
<!-- Generated by org.testng.reporters.JUnitReportReporter -->
<testsuite hostname="DESKTOP-3KKJS15" failures="0" tests="1" name="withPOMandGeneric.CreateProductAnddelete" time="50.646" errors="0" timestamp="2023-08-10T08:28:14 IST" skipped="0">
  <testcase classname="withPOMandGeneric.CreateProductAnddelete" name="CreateProductAnddelete" time="50.646"/>
</testsuite> <!-- withPOMandGeneric.CreateProductAnddelete -->
