<?xml version="1.0" encoding="UTF-8"?>
<!-- Generated by org.testng.reporters.JUnitReportReporter -->
<testsuite hostname="DESKTOP-3KKJS15" failures="0" tests="3" name="testNG.Product" time="0.051" errors="0" timestamp="2023-08-10T07:43:00 IST" skipped="0">
  <testcase classname="testNG.Product" name="deleteproduct" time="0.011"/>
  <testcase classname="testNG.Product" name="modifyproduct" time="0.010"/>
  <testcase classname="testNG.Product" name="createproduct" time="0.030"/>
</testsuite> <!-- testNG.Product -->
