<?xml version="1.0" encoding="UTF-8"?>
<!-- Generated by org.testng.reporters.JUnitReportReporter -->
<testsuite hostname="DESKTOP-3KKJS15" failures="0" tests="3" name="dataProvider.Vtiger" time="81.371" errors="0" timestamp="2023-08-15T08:45:50 IST" skipped="0">
  <testcase classname="dataProvider.Vtiger" name="vTiger" time="26.283"/>
  <testcase classname="dataProvider.Vtiger" name="vTiger" time="28.141"/>
  <testcase classname="dataProvider.Vtiger" name="vTiger" time="26.947"/>
</testsuite> <!-- dataProvider.Vtiger -->
