<?xml version="1.0" encoding="UTF-8"?>
<!-- Generated by org.testng.reporters.JUnitReportReporter -->
<testsuite hostname="DESKTOP-3KKJS15" failures="0" tests="3" name="testNG.Product2" time="0.018" errors="0" timestamp="2023-08-13T18:50:05 IST" skipped="0">
  <testcase classname="testNG.Product2" name="createproduct" time="0.005"/>
  <testcase classname="testNG.Product2" name="modifyproduct" time="0.010"/>
  <testcase classname="testNG.Product2" name="deleteproduct" time="0.003"/>
</testsuite> <!-- testNG.Product2 -->
