<?xml version="1.0" encoding="UTF-8"?>
<!-- Generated by org.testng.reporters.JUnitReportReporter -->
<testsuite hostname="DESKTOP-3KKJS15" failures="0" tests="1" name="withPOMandGeneric.CreateOrganisation" time="66.690" errors="0" timestamp="2023-08-10T08:24:28 IST" skipped="0">
  <testcase classname="withPOMandGeneric.CreateOrganisation" name="CreateOrganisation" time="66.690"/>
</testsuite> <!-- withPOMandGeneric.CreateOrganisation -->
