<?xml version="1.0" encoding="UTF-8"?>
<!-- Generated by org.testng.reporters.JUnitReportReporter -->
<testsuite hostname="DESKTOP-3KKJS15" failures="0" tests="1" name="testNG.Program1" time="0.038" errors="0" timestamp="2023-08-10T07:34:20 IST" skipped="0">
  <testcase classname="testNG.Program1" name="m1" time="0.038"/>
</testsuite> <!-- testNG.Program1 -->
