<?xml version="1.0" encoding="UTF-8"?>
<!-- Generated by org.testng.reporters.JUnitReportReporter -->
<testsuite hostname="DESKTOP-3KKJS15" failures="0" tests="1" name="TEST.CreateCampaignWithProduct" time="68.767" errors="0" timestamp="2023-08-22T07:16:05 IST" skipped="0">
  <testcase classname="TEST.CreateCampaignWithProduct" name="CreateCampaignWithProduct" time="68.767"/>
</testsuite> <!-- TEST.CreateCampaignWithProduct -->
