<?xml version="1.0" encoding="UTF-8"?>
<!-- Generated by org.testng.reporters.JUnitReportReporter -->
<testsuite hostname="DESKTOP-3KKJS15" failures="0" tests="3" name="testNG.Product3" time="0.038" errors="0" timestamp="2023-08-10T07:52:38 IST" skipped="1">
  <testcase classname="testNG.Product3" name="modifyproduct" time="0.008"/>
  <testcase classname="testNG.Product3" name="deleteproduct" time="0.030"/>
  <testcase classname="testNG.Product3" name="createproduct">
    <skipped/>
  </testcase> <!-- createproduct -->
</testsuite> <!-- testNG.Product3 -->
